[debug] [2025-08-18T11:50:16.053Z] ----------------------------------------------------------------------
[debug] [2025-08-18T11:50:16.054Z] Command:       C:\Program Files\nodejs\node.exe C:\Users\RobbieC\AppData\Roaming\npm\node_modules\firebase-tools\lib\bin\firebase.js emulators:start --only functions --project love-retold-webapp
[debug] [2025-08-18T11:50:16.054Z] CLI Version:   14.11.2
[debug] [2025-08-18T11:50:16.054Z] Platform:      win32
[debug] [2025-08-18T11:50:16.054Z] Node Version:  v22.18.0
[debug] [2025-08-18T11:50:16.055Z] Time:          Mon Aug 18 2025 15:50:16 GMT+0400 (Gulf Standard Time)
[debug] [2025-08-18T11:50:16.055Z] ----------------------------------------------------------------------
[debug] 
[warn] !  functions: The functions emulator is configured but there is no functions source directory. Have you run firebase init functions? {"metadata":{"emulator":{"name":"functions"},"message":"The functions emulator is configured but there is no functions source directory. Have you run \u001b[1mfirebase init functions\u001b[22m?"}}
[debug] [2025-08-18T11:50:16.082Z] > command requires scopes: ["email","openid","https://www.googleapis.com/auth/cloudplatformprojects.readonly","https://www.googleapis.com/auth/firebase","https://www.googleapis.com/auth/cloud-platform"]
[debug] [2025-08-18T11:50:16.082Z] > authorizing via signed-in user (rcowellai@gmail.com)
[warn] !  Could not find config (firebase.json) so using defaults. 
[info] i  emulators: Starting emulators: functions {"metadata":{"emulator":{"name":"hub"},"message":"Starting emulators: functions"}}
[warn] !  logging: Logging Emulator unable to start on port 4500, starting on 4501 instead. {"metadata":{"emulator":{"name":"logging"},"message":"Logging Emulator unable to start on port 4500, starting on 4501 instead."}}
[debug] [2025-08-18T11:50:16.089Z] [logging] Logging Emulator only supports listening on one address (127.0.0.1). Not listening on ::1
[debug] [2025-08-18T11:50:16.089Z] assigned listening specs for emulators {"user":{"hub":[{"address":"127.0.0.1","family":"IPv4","port":4400},{"address":"::1","family":"IPv6","port":4400}],"ui":[{"address":"127.0.0.1","family":"IPv4","port":4000},{"address":"::1","family":"IPv6","port":4000}],"logging":[{"address":"127.0.0.1","family":"IPv4","port":4501}]},"metadata":{"message":"assigned listening specs for emulators"}}
[debug] [2025-08-18T11:50:16.092Z] [hub] writing locator at C:\Users\RobbieC\AppData\Local\Temp\hub-love-retold-webapp.json
[warn] !  functions: The functions emulator is configured but there is no functions source directory. Have you run firebase init functions? {"metadata":{"emulator":{"name":"functions"},"message":"The functions emulator is configured but there is no functions source directory. Have you run \u001b[1mfirebase init functions\u001b[22m?"}}
[info] i  ui: downloading ui-v1.15.0.zip... {"metadata":{"emulator":{"name":"ui"},"message":"downloading ui-v1.15.0.zip..."}}
[debug] [2025-08-18T11:50:16.108Z] >>> [apiv2][query] GET https://storage.googleapis.com/firebase-preview-drop/emulator/ui-v1.15.0.zip 
[debug] [2025-08-18T11:50:16.959Z] <<< [apiv2][status] GET https://storage.googleapis.com/firebase-preview-drop/emulator/ui-v1.15.0.zip 200
[debug] [2025-08-18T11:50:16.959Z] <<< [apiv2][body] GET https://storage.googleapis.com/firebase-preview-drop/emulator/ui-v1.15.0.zip [stream]
[debug] [2025-08-18T11:50:18.818Z] Data is 3538469
[debug] [2025-08-18T11:50:18.819Z] [unzip] Entry: client/ (compressed_size=0 bytes, uncompressed_size=0 bytes)
[debug] [2025-08-18T11:50:18.819Z] [unzip] Processing entry: client\
[debug] [2025-08-18T11:50:18.819Z] [unzip] mkdir: C:\Users\RobbieC\.cache\firebase\emulators\ui-v1.15.0\client\
[debug] [2025-08-18T11:50:18.820Z] [unzip] Entry: client/favicon-16x16.png (compressed_size=293 bytes, uncompressed_size=293 bytes)
[debug] [2025-08-18T11:50:18.820Z] [unzip] Processing entry: client\favicon-16x16.png
[debug] [2025-08-18T11:50:18.820Z] [unzip] else mkdir: C:\Users\RobbieC\.cache\firebase\emulators\ui-v1.15.0\client
[debug] [2025-08-18T11:50:18.820Z] [unzip] Writing file: C:\Users\RobbieC\.cache\firebase\emulators\ui-v1.15.0\client\favicon-16x16.png
[debug] [2025-08-18T11:50:18.821Z] [unzip] Entry: client/safari-pinned-tab.svg (compressed_size=1433 bytes, uncompressed_size=2611 bytes)
[debug] [2025-08-18T11:50:18.822Z] [unzip] Processing entry: client\safari-pinned-tab.svg
[debug] [2025-08-18T11:50:18.822Z] [unzip] else mkdir: C:\Users\RobbieC\.cache\firebase\emulators\ui-v1.15.0\client
[debug] [2025-08-18T11:50:18.822Z] [unzip] deflating: C:\Users\RobbieC\.cache\firebase\emulators\ui-v1.15.0\client\safari-pinned-tab.svg
[debug] [2025-08-18T11:50:18.824Z] [unzip] Entry: client/favicon.ico (compressed_size=2933 bytes, uncompressed_size=13294 bytes)
[debug] [2025-08-18T11:50:18.824Z] [unzip] Processing entry: client\favicon.ico
[debug] [2025-08-18T11:50:18.824Z] [unzip] else mkdir: C:\Users\RobbieC\.cache\firebase\emulators\ui-v1.15.0\client
[debug] [2025-08-18T11:50:18.824Z] [unzip] deflating: C:\Users\RobbieC\.cache\firebase\emulators\ui-v1.15.0\client\favicon.ico
[debug] [2025-08-18T11:50:18.825Z] [unzip] Entry: client/index.html (compressed_size=1364 bytes, uncompressed_size=3071 bytes)
[debug] [2025-08-18T11:50:18.825Z] [unzip] Processing entry: client\index.html
[debug] [2025-08-18T11:50:18.826Z] [unzip] else mkdir: C:\Users\RobbieC\.cache\firebase\emulators\ui-v1.15.0\client
[debug] [2025-08-18T11:50:18.826Z] [unzip] deflating: C:\Users\RobbieC\.cache\firebase\emulators\ui-v1.15.0\client\index.html
[debug] [2025-08-18T11:50:18.828Z] [unzip] Entry: client/android-chrome-192x192.png (compressed_size=2684 bytes, uncompressed_size=2684 bytes)
[debug] [2025-08-18T11:50:18.828Z] [unzip] Processing entry: client\android-chrome-192x192.png
[debug] [2025-08-18T11:50:18.828Z] [unzip] else mkdir: C:\Users\RobbieC\.cache\firebase\emulators\ui-v1.15.0\client
[debug] [2025-08-18T11:50:18.828Z] [unzip] Writing file: C:\Users\RobbieC\.cache\firebase\emulators\ui-v1.15.0\client\android-chrome-192x192.png
[debug] [2025-08-18T11:50:18.829Z] [unzip] Entry: client/apple-touch-icon.png (compressed_size=2123 bytes, uncompressed_size=2152 bytes)
[debug] [2025-08-18T11:50:18.829Z] [unzip] Processing entry: client\apple-touch-icon.png
[debug] [2025-08-18T11:50:18.829Z] [unzip] else mkdir: C:\Users\RobbieC\.cache\firebase\emulators\ui-v1.15.0\client
[debug] [2025-08-18T11:50:18.829Z] [unzip] deflating: C:\Users\RobbieC\.cache\firebase\emulators\ui-v1.15.0\client\apple-touch-icon.png
[debug] [2025-08-18T11:50:18.830Z] [unzip] Entry: client/android-chrome-512x512.png (compressed_size=5369 bytes, uncompressed_size=5411 bytes)
[debug] [2025-08-18T11:50:18.830Z] [unzip] Processing entry: client\android-chrome-512x512.png
[debug] [2025-08-18T11:50:18.830Z] [unzip] else mkdir: C:\Users\RobbieC\.cache\firebase\emulators\ui-v1.15.0\client
[debug] [2025-08-18T11:50:18.831Z] [unzip] deflating: C:\Users\RobbieC\.cache\firebase\emulators\ui-v1.15.0\client\android-chrome-512x512.png
[debug] [2025-08-18T11:50:18.831Z] [unzip] Entry: client/manifest.json (compressed_size=245 bytes, uncompressed_size=551 bytes)
[debug] [2025-08-18T11:50:18.831Z] [unzip] Processing entry: client\manifest.json
[debug] [2025-08-18T11:50:18.831Z] [unzip] else mkdir: C:\Users\RobbieC\.cache\firebase\emulators\ui-v1.15.0\client
[debug] [2025-08-18T11:50:18.832Z] [unzip] deflating: C:\Users\RobbieC\.cache\firebase\emulators\ui-v1.15.0\client\manifest.json
[debug] [2025-08-18T11:50:18.833Z] [unzip] Entry: client/robots.txt (compressed_size=26 bytes, uncompressed_size=26 bytes)
[debug] [2025-08-18T11:50:18.833Z] [unzip] Processing entry: client\robots.txt
[debug] [2025-08-18T11:50:18.833Z] [unzip] else mkdir: C:\Users\RobbieC\.cache\firebase\emulators\ui-v1.15.0\client
[debug] [2025-08-18T11:50:18.833Z] [unzip] Writing file: C:\Users\RobbieC\.cache\firebase\emulators\ui-v1.15.0\client\robots.txt
[debug] [2025-08-18T11:50:18.833Z] [unzip] Entry: client/mstile-150x150.png (compressed_size=2034 bytes, uncompressed_size=2034 bytes)
[debug] [2025-08-18T11:50:18.834Z] [unzip] Processing entry: client\mstile-150x150.png
[debug] [2025-08-18T11:50:18.834Z] [unzip] else mkdir: C:\Users\RobbieC\.cache\firebase\emulators\ui-v1.15.0\client
[debug] [2025-08-18T11:50:18.834Z] [unzip] Writing file: C:\Users\RobbieC\.cache\firebase\emulators\ui-v1.15.0\client\mstile-150x150.png
[debug] [2025-08-18T11:50:18.834Z] [unzip] Entry: client/assets/ (compressed_size=0 bytes, uncompressed_size=0 bytes)
[debug] [2025-08-18T11:50:18.834Z] [unzip] Processing entry: client\assets\
[debug] [2025-08-18T11:50:18.834Z] [unzip] mkdir: C:\Users\RobbieC\.cache\firebase\emulators\ui-v1.15.0\client\assets\
[debug] [2025-08-18T11:50:18.835Z] [unzip] Entry: client/assets/index-BX-A56oj.js (compressed_size=582089 bytes, uncompressed_size=2092775 bytes)
[debug] [2025-08-18T11:50:18.835Z] [unzip] Processing entry: client\assets\index-BX-A56oj.js
[debug] [2025-08-18T11:50:18.835Z] [unzip] else mkdir: C:\Users\RobbieC\.cache\firebase\emulators\ui-v1.15.0\client\assets
[debug] [2025-08-18T11:50:18.835Z] [unzip] deflating: C:\Users\RobbieC\.cache\firebase\emulators\ui-v1.15.0\client\assets\index-BX-A56oj.js
[debug] [2025-08-18T11:50:18.846Z] [unzip] Entry: client/assets/index-CjB9C900.css (compressed_size=35979 bytes, uncompressed_size=298654 bytes)
[debug] [2025-08-18T11:50:18.846Z] [unzip] Processing entry: client\assets\index-CjB9C900.css
[debug] [2025-08-18T11:50:18.846Z] [unzip] else mkdir: C:\Users\RobbieC\.cache\firebase\emulators\ui-v1.15.0\client\assets
[debug] [2025-08-18T11:50:18.846Z] [unzip] deflating: C:\Users\RobbieC\.cache\firebase\emulators\ui-v1.15.0\client\assets\index-CjB9C900.css
[debug] [2025-08-18T11:50:18.849Z] [unzip] Entry: client/assets/index-BX-A56oj.js.map (compressed_size=2362482 bytes, uncompressed_size=10036679 bytes)
[debug] [2025-08-18T11:50:18.849Z] [unzip] Processing entry: client\assets\index-BX-A56oj.js.map
[debug] [2025-08-18T11:50:18.849Z] [unzip] else mkdir: C:\Users\RobbieC\.cache\firebase\emulators\ui-v1.15.0\client\assets
[debug] [2025-08-18T11:50:18.849Z] [unzip] deflating: C:\Users\RobbieC\.cache\firebase\emulators\ui-v1.15.0\client\assets\index-BX-A56oj.js.map
[debug] [2025-08-18T11:50:18.894Z] [unzip] Entry: client/assets/extensions/ (compressed_size=0 bytes, uncompressed_size=0 bytes)
[debug] [2025-08-18T11:50:18.894Z] [unzip] Processing entry: client\assets\extensions\
[debug] [2025-08-18T11:50:18.894Z] [unzip] mkdir: C:\Users\RobbieC\.cache\firebase\emulators\ui-v1.15.0\client\assets\extensions\
[debug] [2025-08-18T11:50:18.894Z] [unzip] Entry: client/assets/extensions/default-extension.png (compressed_size=1646 bytes, uncompressed_size=1657 bytes)
[debug] [2025-08-18T11:50:18.894Z] [unzip] Processing entry: client\assets\extensions\default-extension.png
[debug] [2025-08-18T11:50:18.894Z] [unzip] else mkdir: C:\Users\RobbieC\.cache\firebase\emulators\ui-v1.15.0\client\assets\extensions
[debug] [2025-08-18T11:50:18.895Z] [unzip] deflating: C:\Users\RobbieC\.cache\firebase\emulators\ui-v1.15.0\client\assets\extensions\default-extension.png
[debug] [2025-08-18T11:50:18.897Z] [unzip] Entry: client/assets/img/ (compressed_size=0 bytes, uncompressed_size=0 bytes)
[debug] [2025-08-18T11:50:18.897Z] [unzip] Processing entry: client\assets\img\
[debug] [2025-08-18T11:50:18.897Z] [unzip] mkdir: C:\Users\RobbieC\.cache\firebase\emulators\ui-v1.15.0\client\assets\img\
[debug] [2025-08-18T11:50:18.898Z] [unzip] Entry: client/assets/img/database.png (compressed_size=29449 bytes, uncompressed_size=29988 bytes)
[debug] [2025-08-18T11:50:18.898Z] [unzip] Processing entry: client\assets\img\database.png
[debug] [2025-08-18T11:50:18.898Z] [unzip] else mkdir: C:\Users\RobbieC\.cache\firebase\emulators\ui-v1.15.0\client\assets\img
[debug] [2025-08-18T11:50:18.898Z] [unzip] deflating: C:\Users\RobbieC\.cache\firebase\emulators\ui-v1.15.0\client\assets\img\database.png
[debug] [2025-08-18T11:50:18.899Z] [unzip] Entry: client/assets/provider-icons/ (compressed_size=0 bytes, uncompressed_size=0 bytes)
[debug] [2025-08-18T11:50:18.899Z] [unzip] Processing entry: client\assets\provider-icons\
[debug] [2025-08-18T11:50:18.899Z] [unzip] mkdir: C:\Users\RobbieC\.cache\firebase\emulators\ui-v1.15.0\client\assets\provider-icons\
[debug] [2025-08-18T11:50:18.900Z] [unzip] Entry: client/assets/provider-icons/auth_service_saml.svg (compressed_size=575 bytes, uncompressed_size=1226 bytes)
[debug] [2025-08-18T11:50:18.900Z] [unzip] Processing entry: client\assets\provider-icons\auth_service_saml.svg
[debug] [2025-08-18T11:50:18.900Z] [unzip] else mkdir: C:\Users\RobbieC\.cache\firebase\emulators\ui-v1.15.0\client\assets\provider-icons
[debug] [2025-08-18T11:50:18.900Z] [unzip] deflating: C:\Users\RobbieC\.cache\firebase\emulators\ui-v1.15.0\client\assets\provider-icons\auth_service_saml.svg
[debug] [2025-08-18T11:50:18.901Z] [unzip] Entry: client/assets/provider-icons/auth_service_phone.svg (compressed_size=261 bytes, uncompressed_size=414 bytes)
[debug] [2025-08-18T11:50:18.901Z] [unzip] Processing entry: client\assets\provider-icons\auth_service_phone.svg
[debug] [2025-08-18T11:50:18.901Z] [unzip] else mkdir: C:\Users\RobbieC\.cache\firebase\emulators\ui-v1.15.0\client\assets\provider-icons
[debug] [2025-08-18T11:50:18.901Z] [unzip] deflating: C:\Users\RobbieC\.cache\firebase\emulators\ui-v1.15.0\client\assets\provider-icons\auth_service_phone.svg
[debug] [2025-08-18T11:50:18.901Z] [unzip] Entry: client/assets/provider-icons/auth_service_facebook.svg (compressed_size=289 bytes, uncompressed_size=457 bytes)
[debug] [2025-08-18T11:50:18.901Z] [unzip] Processing entry: client\assets\provider-icons\auth_service_facebook.svg
[debug] [2025-08-18T11:50:18.901Z] [unzip] else mkdir: C:\Users\RobbieC\.cache\firebase\emulators\ui-v1.15.0\client\assets\provider-icons
[debug] [2025-08-18T11:50:18.902Z] [unzip] deflating: C:\Users\RobbieC\.cache\firebase\emulators\ui-v1.15.0\client\assets\provider-icons\auth_service_facebook.svg
[debug] [2025-08-18T11:50:18.903Z] [unzip] Entry: client/assets/provider-icons/auth_service_game_center.svg (compressed_size=991 bytes, uncompressed_size=3921 bytes)
[debug] [2025-08-18T11:50:18.904Z] [unzip] Processing entry: client\assets\provider-icons\auth_service_game_center.svg
[debug] [2025-08-18T11:50:18.904Z] [unzip] else mkdir: C:\Users\RobbieC\.cache\firebase\emulators\ui-v1.15.0\client\assets\provider-icons
[debug] [2025-08-18T11:50:18.904Z] [unzip] deflating: C:\Users\RobbieC\.cache\firebase\emulators\ui-v1.15.0\client\assets\provider-icons\auth_service_game_center.svg
[debug] [2025-08-18T11:50:18.905Z] [unzip] Entry: client/assets/provider-icons/auth_service_apple.svg (compressed_size=230 bytes, uncompressed_size=334 bytes)
[debug] [2025-08-18T11:50:18.905Z] [unzip] Processing entry: client\assets\provider-icons\auth_service_apple.svg
[debug] [2025-08-18T11:50:18.905Z] [unzip] else mkdir: C:\Users\RobbieC\.cache\firebase\emulators\ui-v1.15.0\client\assets\provider-icons
[debug] [2025-08-18T11:50:18.905Z] [unzip] deflating: C:\Users\RobbieC\.cache\firebase\emulators\ui-v1.15.0\client\assets\provider-icons\auth_service_apple.svg
[debug] [2025-08-18T11:50:18.906Z] [unzip] Entry: client/assets/provider-icons/auth_service_github.svg (compressed_size=466 bytes, uncompressed_size=838 bytes)
[debug] [2025-08-18T11:50:18.906Z] [unzip] Processing entry: client\assets\provider-icons\auth_service_github.svg
[debug] [2025-08-18T11:50:18.906Z] [unzip] else mkdir: C:\Users\RobbieC\.cache\firebase\emulators\ui-v1.15.0\client\assets\provider-icons
[debug] [2025-08-18T11:50:18.906Z] [unzip] deflating: C:\Users\RobbieC\.cache\firebase\emulators\ui-v1.15.0\client\assets\provider-icons\auth_service_github.svg
[debug] [2025-08-18T11:50:18.907Z] [unzip] Entry: client/assets/provider-icons/auth_service_mslive.svg (compressed_size=203 bytes, uncompressed_size=378 bytes)
[debug] [2025-08-18T11:50:18.907Z] [unzip] Processing entry: client\assets\provider-icons\auth_service_mslive.svg
[debug] [2025-08-18T11:50:18.907Z] [unzip] else mkdir: C:\Users\RobbieC\.cache\firebase\emulators\ui-v1.15.0\client\assets\provider-icons
[debug] [2025-08-18T11:50:18.907Z] [unzip] deflating: C:\Users\RobbieC\.cache\firebase\emulators\ui-v1.15.0\client\assets\provider-icons\auth_service_mslive.svg
[debug] [2025-08-18T11:50:18.908Z] [unzip] Entry: client/assets/provider-icons/auth_service_yahoo.svg (compressed_size=577 bytes, uncompressed_size=1182 bytes)
[debug] [2025-08-18T11:50:18.908Z] [unzip] Processing entry: client\assets\provider-icons\auth_service_yahoo.svg
[debug] [2025-08-18T11:50:18.908Z] [unzip] else mkdir: C:\Users\RobbieC\.cache\firebase\emulators\ui-v1.15.0\client\assets\provider-icons
[debug] [2025-08-18T11:50:18.908Z] [unzip] deflating: C:\Users\RobbieC\.cache\firebase\emulators\ui-v1.15.0\client\assets\provider-icons\auth_service_yahoo.svg
[debug] [2025-08-18T11:50:18.909Z] [unzip] Entry: client/assets/provider-icons/auth_service_twitter.svg (compressed_size=444 bytes, uncompressed_size=751 bytes)
[debug] [2025-08-18T11:50:18.909Z] [unzip] Processing entry: client\assets\provider-icons\auth_service_twitter.svg
[debug] [2025-08-18T11:50:18.909Z] [unzip] else mkdir: C:\Users\RobbieC\.cache\firebase\emulators\ui-v1.15.0\client\assets\provider-icons
[debug] [2025-08-18T11:50:18.909Z] [unzip] deflating: C:\Users\RobbieC\.cache\firebase\emulators\ui-v1.15.0\client\assets\provider-icons\auth_service_twitter.svg
[debug] [2025-08-18T11:50:18.909Z] [unzip] Entry: client/assets/provider-icons/auth_service_play_games.svg (compressed_size=565 bytes, uncompressed_size=1173 bytes)
[debug] [2025-08-18T11:50:18.909Z] [unzip] Processing entry: client\assets\provider-icons\auth_service_play_games.svg
[debug] [2025-08-18T11:50:18.909Z] [unzip] else mkdir: C:\Users\RobbieC\.cache\firebase\emulators\ui-v1.15.0\client\assets\provider-icons
[debug] [2025-08-18T11:50:18.910Z] [unzip] deflating: C:\Users\RobbieC\.cache\firebase\emulators\ui-v1.15.0\client\assets\provider-icons\auth_service_play_games.svg
[debug] [2025-08-18T11:50:18.911Z] [unzip] Entry: client/assets/provider-icons/auth_service_email.svg (compressed_size=228 bytes, uncompressed_size=326 bytes)
[debug] [2025-08-18T11:50:18.911Z] [unzip] Processing entry: client\assets\provider-icons\auth_service_email.svg
[debug] [2025-08-18T11:50:18.911Z] [unzip] else mkdir: C:\Users\RobbieC\.cache\firebase\emulators\ui-v1.15.0\client\assets\provider-icons
[debug] [2025-08-18T11:50:18.911Z] [unzip] deflating: C:\Users\RobbieC\.cache\firebase\emulators\ui-v1.15.0\client\assets\provider-icons\auth_service_email.svg
[debug] [2025-08-18T11:50:18.912Z] [unzip] Entry: client/assets/provider-icons/auth_service_google.svg (compressed_size=409 bytes, uncompressed_size=720 bytes)
[debug] [2025-08-18T11:50:18.912Z] [unzip] Processing entry: client\assets\provider-icons\auth_service_google.svg
[debug] [2025-08-18T11:50:18.912Z] [unzip] else mkdir: C:\Users\RobbieC\.cache\firebase\emulators\ui-v1.15.0\client\assets\provider-icons
[debug] [2025-08-18T11:50:18.913Z] [unzip] deflating: C:\Users\RobbieC\.cache\firebase\emulators\ui-v1.15.0\client\assets\provider-icons\auth_service_google.svg
[debug] [2025-08-18T11:50:18.914Z] [unzip] Entry: client/assets/provider-icons/auth_service_oidc.svg (compressed_size=414 bytes, uncompressed_size=858 bytes)
[debug] [2025-08-18T11:50:18.914Z] [unzip] Processing entry: client\assets\provider-icons\auth_service_oidc.svg
[debug] [2025-08-18T11:50:18.914Z] [unzip] else mkdir: C:\Users\RobbieC\.cache\firebase\emulators\ui-v1.15.0\client\assets\provider-icons
[debug] [2025-08-18T11:50:18.914Z] [unzip] deflating: C:\Users\RobbieC\.cache\firebase\emulators\ui-v1.15.0\client\assets\provider-icons\auth_service_oidc.svg
[debug] [2025-08-18T11:50:18.915Z] [unzip] Entry: client/browserconfig.xml (compressed_size=491 bytes, uncompressed_size=822 bytes)
[debug] [2025-08-18T11:50:18.915Z] [unzip] Processing entry: client\browserconfig.xml
[debug] [2025-08-18T11:50:18.915Z] [unzip] else mkdir: C:\Users\RobbieC\.cache\firebase\emulators\ui-v1.15.0\client
[debug] [2025-08-18T11:50:18.915Z] [unzip] deflating: C:\Users\RobbieC\.cache\firebase\emulators\ui-v1.15.0\client\browserconfig.xml
[debug] [2025-08-18T11:50:18.915Z] [unzip] Entry: client/favicon-32x32.png (compressed_size=475 bytes, uncompressed_size=475 bytes)
[debug] [2025-08-18T11:50:18.916Z] [unzip] Processing entry: client\favicon-32x32.png
[debug] [2025-08-18T11:50:18.916Z] [unzip] else mkdir: C:\Users\RobbieC\.cache\firebase\emulators\ui-v1.15.0\client
[debug] [2025-08-18T11:50:18.917Z] [unzip] Writing file: C:\Users\RobbieC\.cache\firebase\emulators\ui-v1.15.0\client\favicon-32x32.png
[debug] [2025-08-18T11:50:18.918Z] [unzip] Entry: server/ (compressed_size=0 bytes, uncompressed_size=0 bytes)
[debug] [2025-08-18T11:50:18.918Z] [unzip] Processing entry: server\
[debug] [2025-08-18T11:50:18.918Z] [unzip] mkdir: C:\Users\RobbieC\.cache\firebase\emulators\ui-v1.15.0\server\
[debug] [2025-08-18T11:50:18.918Z] [unzip] Entry: server/server.mjs.map (compressed_size=217845 bytes, uncompressed_size=944978 bytes)
[debug] [2025-08-18T11:50:18.918Z] [unzip] Processing entry: server\server.mjs.map
[debug] [2025-08-18T11:50:18.918Z] [unzip] else mkdir: C:\Users\RobbieC\.cache\firebase\emulators\ui-v1.15.0\server
[debug] [2025-08-18T11:50:18.918Z] [unzip] deflating: C:\Users\RobbieC\.cache\firebase\emulators\ui-v1.15.0\server\server.mjs.map
[debug] [2025-08-18T11:50:18.923Z] [unzip] Entry: server/server.mjs (compressed_size=276407 bytes, uncompressed_size=933701 bytes)
[debug] [2025-08-18T11:50:18.923Z] [unzip] Processing entry: server\server.mjs
[debug] [2025-08-18T11:50:18.923Z] [unzip] else mkdir: C:\Users\RobbieC\.cache\firebase\emulators\ui-v1.15.0\server
[debug] [2025-08-18T11:50:18.924Z] [unzip] deflating: C:\Users\RobbieC\.cache\firebase\emulators\ui-v1.15.0\server\server.mjs
[debug] [2025-08-18T11:50:18.934Z] Could not find VSCode notification endpoint: FetchError: request to http://localhost:40001/vscode/notify failed, reason: . If you are not running the Firebase Data Connect VSCode extension, this is expected and not an issue.
[info] 
┌─────────────────────────────────────────────────────────────┐
│ ✔  All emulators ready! It is now safe to connect your app. │
│ i  View Emulator UI at http://127.0.0.1:4000/               │
└─────────────────────────────────────────────────────────────┘

┌───────────┬──────────────────────────────────┬─────────────────────┐
│ Emulator  │ Host:Port                        │ View in Emulator UI │
├───────────┼──────────────────────────────────┼─────────────────────┤
│ Functions │ Failed to initialize (see above) │                     │
└───────────┴──────────────────────────────────┴─────────────────────┘
  Emulator Hub host: 127.0.0.1 port: 4400
  Other reserved ports: 4501

Issues? Report them at https://github.com/firebase/firebase-tools/issues and attach the *-debug.log files.
 
